This is pdfTeXk, Version 3.141592-1.40.3 (Web2C 7.5.6) (format=pdflatex 2011.2.19)  20 FEB 2011 23:20
entering extended mode
 %&-line parsing enabled.
**projeto_tcc.tex
(./projeto_tcc.tex
LaTeX2e <2005/12/01>
Babel <v3.8h> and hyphenation patterns for english, usenglishmax, dumylang, noh
yphenation, arabic, basque, bulgarian, coptic, welsh, czech, slovak, german, ng
erman, danish, esperanto, spanish, catalan, galician, estonian, farsi, finnish,
 french, greek, monogreek, ancientgreek, croatian, hungarian, interlingua, ibyc
us, indonesian, icelandic, italian, latin, mongolian, dutch, norsk, polish, por
tuguese, pinyin, romanian, russian, slovenian, uppersorbian, serbian, swedish, 
turkish, ukenglish, ukrainian, loaded.
(/usr/share/texmf/tex/latex/abntex/abnt.cls
(/usr/share/texmf/tex/latex/abntex/cvs-id.def)
Document Class: abnt 2004/11/02 v1.27.2.1 Classe abnt (NBR6024, NBR6027, NBR602
8, NBR14724)
(/usr/share/texmf/tex/latex/base/ifthen.sty
Package: ifthen 2001/05/26 v1.1c Standard LaTeX ifthen package (DPC)
)
(/usr/share/texmf/tex/latex/tools/calc.sty
Package: calc 2005/08/06 v4.2 Infix arithmetic (KKT,FJ)
\calc@Acount=\count79
\calc@Bcount=\count80
\calc@Adimen=\dimen102
\calc@Bdimen=\dimen103
\calc@Askip=\skip41
\calc@Bskip=\skip42
LaTeX Info: Redefining \setlength on input line 75.
LaTeX Info: Redefining \addtolength on input line 76.
\calc@Ccount=\count81
\calc@Cskip=\skip43
)
(/usr/share/texmf/tex/latex/tools/multicol.sty
Package: multicol 2006/05/18 v1.6g multicolumn formatting (FMi)
\c@tracingmulticols=\count82
\mult@box=\box26
\multicol@leftmargin=\dimen104
\c@unbalance=\count83
\c@collectmore=\count84
\doublecol@number=\count85
\multicoltolerance=\count86
\multicolpretolerance=\count87
\full@width=\dimen105
\page@free=\dimen106
\premulticols=\dimen107
\postmulticols=\dimen108
\multicolsep=\skip44
\multicolbaselineskip=\skip45
\partial@page=\box27
\last@line=\box28
\mult@rightbox=\box29
\mult@grightbox=\box30
\mult@gfirstbox=\box31
\mult@firstbox=\box32
\@tempa=\box33
\@tempa=\box34
\@tempa=\box35
\@tempa=\box36
\@tempa=\box37
\@tempa=\box38
\@tempa=\box39
\@tempa=\box40
\@tempa=\box41
\@tempa=\box42
\@tempa=\box43
\@tempa=\box44
\@tempa=\box45
\@tempa=\box46
\@tempa=\box47
\@tempa=\box48
\@tempa=\box49
\c@columnbadness=\count88
\c@finalcolumnbadness=\count89
\last@try=\dimen109
\multicolovershoot=\dimen110
\multicolundershoot=\dimen111
\mult@nat@firstbox=\box50
\colbreak@box=\box51
)
(/usr/share/texmf/tex/latex/base/report.cls
Document Class: report 2005/09/16 v1.4f Standard LaTeX document class
(/usr/share/texmf/tex/latex/base/size12.clo
File: size12.clo 2005/09/16 v1.4f Standard LaTeX file (size option)
)
\c@part=\count90
\c@chapter=\count91
\c@section=\count92
\c@subsection=\count93
\c@subsubsection=\count94
\c@paragraph=\count95
\c@subparagraph=\count96
\c@figure=\count97
\c@table=\count98
\abovecaptionskip=\skip46
\belowcaptionskip=\skip47
\bibindent=\dimen112
)
(/usr/share/texmf/tex/latex/setspace/setspace.sty
Package: setspace 2000/12/01 6.7 Contributed and Supported LaTeX2e package

Package: `setspace' 6.7 <2000/12/01>
)
\ABNTanapindent=\skip48
\ABNTsignwidth=\skip49
\ABNTsignthickness=\skip50
\ABNTsignskip=\skip51
 (/usr/share/texmf/tex/latex/tools/indentfirst.sty
Package: indentfirst 1995/11/23 v1.03 Indent first paragraph (DPC)
))
(/usr/share/texmf/tex/latex/base/inputenc.sty
Package: inputenc 2006/05/05 v1.1b Input encoding file
\inpenc@prehook=\toks14
\inpenc@posthook=\toks15

(/usr/share/texmf/tex/latex/ucs/utf8x.def
File: utf8x.def 2004/10/17 UCS: Input encoding UTF-8
))
(/usr/share/texmf/tex/latex/ucs/ucs.sty
Package: ucs 2004/10/17 UCS: Unicode input support

(/usr/share/texmf/tex/latex/ucs/data/uni-global.def
File: uni-global.def 2004/10/17 UCS: Unicode global data
)
\uc@secondtry=\count99
\uc@combtoks=\toks16
\uc@combtoksb=\toks17
\uc@temptokena=\toks18
)
(/usr/share/texmf/tex/latex/caption/caption2.sty
Package: caption2 2005/10/03 v2.1d Customising captions (AS)


Package caption2 Warning: THIS PACKAGE IS OBSOLETE, PLEASE USE caption INSTEAD 
on input line 32.

\captionmargin=\dimen113
\captionwidth=\dimen114
\captionindent=\dimen115
Package caption2 Info: Running in caption2 v2.0 compatibility mode on input lin
e 199.
\captionlinewidth=\dimen116
\realcaptionwidth=\dimen117
) (/usr/share/texmf/tex/generic/babel/babel.sty
Package: babel 2005/11/23 v3.8h The Babel package

(/usr/share/texmf/tex/generic/babel/portuges.ldf
Language: portuges 2005/03/31 v1.2p Portuguese support from the babel system

(/usr/share/texmf/tex/generic/babel/babel.def
File: babel.def 2005/11/23 v3.8h Babel common definitions
\babel@savecnt=\count100
\U@D=\dimen118
)
\l@brazil = a dialect from \language\l@portuges 
Package babel Info: Making " an active character on input line 145.
))
(/usr/share/texmf/tex/latex/graphics/graphicx.sty
Package: graphicx 1999/02/16 v1.0f Enhanced LaTeX Graphics (DPC,SPQR)

(/usr/share/texmf/tex/latex/graphics/keyval.sty
Package: keyval 1999/03/16 v1.13 key=value parser (DPC)
\KV@toks@=\toks19
)
(/usr/share/texmf/tex/latex/graphics/graphics.sty
Package: graphics 2006/02/20 v1.0o Standard LaTeX Graphics (DPC,SPQR)

(/usr/share/texmf/tex/latex/graphics/trig.sty
Package: trig 1999/03/16 v1.09 sin cos tan (DPC)
)
(/usr/share/texmf/tex/latex/config/graphics.cfg
File: graphics.cfg 2007/01/18 v1.5 graphics configuration of teTeX/TeXLive
)
Package graphics Info: Driver file: pdftex.def on input line 90.

(/usr/share/texmf/tex/latex/pdftex-def/pdftex.def
File: pdftex.def 2007/01/08 v0.04d Graphics/color for pdfTeX
\Gread@gobject=\count101
))
\Gin@req@height=\dimen119
\Gin@req@width=\dimen120
)
(/usr/share/texmf/tex/latex/base/latexsym.sty
Package: latexsym 1998/08/17 v2.2e Standard LaTeX package (lasy symbols)
\symlasy=\mathgroup4
LaTeX Font Info:    Overwriting symbol font `lasy' in version `bold'
(Font)                  U/lasy/m/n --> U/lasy/b/n on input line 47.
)
(/usr/share/texmf/tex/latex/ae/ae.sty
Package: ae 2001/02/12 1.3 Almost European Computer Modern

(/usr/share/texmf/tex/latex/base/fontenc.sty
Package: fontenc 2005/09/27 v1.99g Standard LaTeX package

(/usr/share/texmf/tex/latex/base/t1enc.def
File: t1enc.def 2005/09/27 v1.99g Standard LaTeX file
LaTeX Font Info:    Redeclaring font encoding T1 on input line 43.
)
LaTeX Font Info:    Try loading font information for T1+aer on input line 100.

(/usr/share/texmf/tex/latex/ae/t1aer.fd
File: t1aer.fd 1997/11/16 Font definitions for T1/aer.
)))
(/usr/share/texmf/tex/latex/hyperref/hyperref.sty
Package: hyperref 2007/02/07 v6.75r Hypertext links for LaTeX
\@linkdim=\dimen121
\Hy@linkcounter=\count102
\Hy@pagecounter=\count103

(/usr/share/texmf/tex/latex/hyperref/pd1enc.def
File: pd1enc.def 2007/02/07 v6.75r Hyperref: PDFDocEncoding definition (HO)
)
(/usr/share/texmf/tex/latex/config/hyperref.cfg
File: hyperref.cfg 2002/06/06 v1.2 hyperref configuration of TeXLive
)
(/usr/share/texmf/tex/latex/oberdiek/kvoptions.sty
Package: kvoptions 2006/08/22 v2.4 Connects package keyval with LaTeX options (
HO)
)
Package hyperref Info: Hyper figures OFF on input line 2288.
Package hyperref Info: Link nesting OFF on input line 2293.
Package hyperref Info: Hyper index ON on input line 2296.
Package hyperref Info: Plain pages OFF on input line 2303.
Package hyperref Info: Backreferencing OFF on input line 2308.

Implicit mode ON; LaTeX internals redefined
Package hyperref Info: Bookmarks ON on input line 2444.
(/usr/share/texmf/tex/latex/ltxmisc/url.sty
\Urlmuskip=\muskip10
Package: url 2005/06/27  ver 3.2  Verb mode for urls, etc.
)
LaTeX Info: Redefining \url on input line 2599.
\Fld@menulength=\count104
\Field@Width=\dimen122
\Fld@charsize=\dimen123
\Choice@toks=\toks20
\Field@toks=\toks21
Package hyperref Info: Hyper figures OFF on input line 3102.
Package hyperref Info: Link nesting OFF on input line 3107.
Package hyperref Info: Hyper index ON on input line 3110.
Package hyperref Info: backreferencing OFF on input line 3117.
Package hyperref Info: Link coloring OFF on input line 3122.
\Hy@abspage=\count105
\c@Item=\count106
\c@Hfootnote=\count107
)
*hyperref using default driver hpdftex*
(/usr/share/texmf/tex/latex/hyperref/hpdftex.def
File: hpdftex.def 2007/02/07 v6.75r Hyperref driver for pdfTeX
\Fld@listcount=\count108
)
(/usr/share/texmf/tex/latex/graphics/lscape.sty
Package: lscape 2000/10/22 v3.01 Landscape Pages (DPC)
) (./projeto_tcc.aux (./capa.aux) (./resumo.aux) (./Biology_Direct.aux) (./BMC_
Bioinformatic.aux)
(./Bioinformatics.aux) (./Computational_Statistics_Data_Analysis.aux)
(./Computational_Biology_Chemistry.aux) (./Current_Opinion_in_Plant_Biology.aux
) (./Molecular_Genetics_and_Genomics.aux) (./Plant_Physiology_Biochemistry.aux)
(./Plant_Molecular_Biology.aux) (./The_Plant_Journal.aux)
(./Trends_in_Plant_Science.aux) (./GENSIPS.aux) (./ICMLA.aux))
\openout1 = `projeto_tcc.aux'.

LaTeX Font Info:    Checking defaults for OML/cmm/m/it on input line 20.
LaTeX Font Info:    ... okay on input line 20.
LaTeX Font Info:    Checking defaults for T1/cmr/m/n on input line 20.
LaTeX Font Info:    ... okay on input line 20.
LaTeX Font Info:    Checking defaults for OT1/cmr/m/n on input line 20.
LaTeX Font Info:    ... okay on input line 20.
LaTeX Font Info:    Checking defaults for OMS/cmsy/m/n on input line 20.
LaTeX Font Info:    ... okay on input line 20.
LaTeX Font Info:    Checking defaults for OMX/cmex/m/n on input line 20.
LaTeX Font Info:    ... okay on input line 20.
LaTeX Font Info:    Checking defaults for U/cmr/m/n on input line 20.
LaTeX Font Info:    ... okay on input line 20.
LaTeX Font Info:    Checking defaults for PD1/pdf/m/n on input line 20.
LaTeX Font Info:    ... okay on input line 20.
LaTeX Font Info:    Try loading font information for T1+aess on input line 20.

(/usr/share/texmf/tex/latex/ae/t1aess.fd
File: t1aess.fd 1997/11/16 Font definitions for T1/aess.
)
(/usr/share/texmf/tex/latex/ucs/ucsencs.def
File: ucsencs.def 2003/11/29 Fixes to fontencodings LGR, T3
)
Package hyperref Info: Link coloring OFF on input line 20.

(/usr/share/texmf/tex/latex/hyperref/nameref.sty
Package: nameref 2006/12/27 v2.28 Cross-referencing by name of section

(/usr/share/texmf/tex/latex/oberdiek/refcount.sty
Package: refcount 2006/02/20 v3.0 Data extraction from references (HO)
)
\c@section@level=\count109
)
LaTeX Info: Redefining \ref on input line 20.
LaTeX Info: Redefining \pageref on input line 20.
 (./projeto_tcc.out)
(./projeto_tcc.out)
\@outlinefile=\write3
\openout3 = `projeto_tcc.out'.

\openout2 = `./capa.aux'.

 (./capa.tex
LaTeX Font Info:    External font `cmex10' loaded for size
(Font)              <12> on input line 11.
LaTeX Font Info:    External font `cmex10' loaded for size
(Font)              <8> on input line 11.
LaTeX Font Info:    External font `cmex10' loaded for size
(Font)              <6> on input line 11.
LaTeX Font Info:    Try loading font information for U+lasy on input line 11.
 (/usr/share/texmf/tex/latex/base/ulasy.fd
File: ulasy.fd 1998/08/17 v2.2e LaTeX symbol font definitions
)
(/usr/share/texmf/tex/latex/ucs/data/uni-0.def
File: uni-0.def 2004/10/17 UCS: Unicode data U+0000..U+00FF
)) [1


{/usr/share/texmf/fonts/map/pdftex/updmap/pdftex.map}]

LaTeX Font Warning: Font shape `T1/aess/bx/it' undefined
(Font)              using `T1/aess/bx/n' instead on input line 23.

(./projeto_tcc.toc
Overfull \hbox (3.26596pt too wide) in paragraph at lines 15--15
 [] [][]\T1/aess/bx/it/12 International Con-fe-rence on Ma-chine Le-ar-ning and
 Ap-pli-ca-ti-ons (ICMLA)[] []  
 []

)
\tf@toc=\write4
\openout4 = `projeto_tcc.toc'.

pdfTeX warning (ext4): destination with the same identifier (name{page.}) has b
een already used, duplicate ignored
<to be read again> 
                   \relax 
l.23 \tableofcontents
                      [2


]
\openout2 = `./resumo.aux'.

 (./resumo.tex
Cap\'{\i }tulo 1.
) [3



]
\openout2 = `./Biology_Direct.aux'.

 (./Biology_Direct.tex
Cap\'{\i }tulo 2.
LaTeX Font Info:    Font shape `T1/aess/m/it' in size <12> not available
(Font)              Font shape `T1/aess/m/sl' tried instead on input line 7.
[4



] (/usr/share/texmf/tex/latex/ucs/data/uni-32.def
File: uni-32.def 2004/10/17 UCS: Unicode data U+2000..U+20FF
)
LaTeX Font Info:    Try loading font information for OMS+aess on input line 47.

LaTeX Font Info:    No file OMSaess.fd. on input line 47.


LaTeX Font Warning: Font shape `OMS/aess/m/n' undefined
(Font)              using `OMS/cmsy/m/n' instead
(Font)              for symbol `textbullet' on input line 47.

LaTeX Font Info:    Font shape `T1/aess/m/it' in size <10.95> not available
(Font)              Font shape `T1/aess/m/sl' tried instead on input line 49.
[5] (/usr/share/texmf/tex/latex/ucs/data/uni-34.def
File: uni-34.def 2004/10/17 UCS: Unicode data U+2200..U+22FF
)) [6]
\openout2 = `./BMC_Bioinformatic.aux'.


(./BMC_Bioinformatic.tex
Cap\'{\i }tulo 3.
[7



]
Overfull \hbox (12.79079pt too wide) in paragraph at lines 46--47
[]\T1/aess/bx/n/17.28 Network motif-based iden-ti-fi-ca-tion of trans-crip-tion
 factor-
 []

[8] [9] [10] [11]) [12]
\openout2 = `./Bioinformatics.aux'.

 (./Bioinformatics.tex
Cap\'{\i }tulo 4.
[13



]) [14]
\openout2 = `./Computational_Statistics_Data_Analysis.aux'.

 (./Computational_Statistics_Data_Analysis.tex
Cap\'{\i }tulo 5.
) [15



]
\openout2 = `./Computational_Biology_Chemistry.aux'.

 (./Computational_Biology_Chemistry.tex
Cap\'{\i }tulo 6.

Overfull \hbox (1.50687pt too wide) in paragraph at lines 2--3
[]\T1/aess/bx/n/17.28 The cross-species pre-dic-tion of bac-te-rial pro-mo-ters
 using
 []

) [16



]
\openout2 = `./Current_Opinion_in_Plant_Biology.aux'.

 (./Current_Opinion_in_Plant_Biology.tex
Cap\'{\i }tulo 7.

Overfull \hbox (82.94386pt too wide) in paragraph at lines 20--21
[]\T1/aess/m/sl/12 Current Opi-nion in Plant Bi-o-logy\T1/aess/m/n/12 , Vol. 13
, No. 2. (April 2010), pp. 132-138. doi:10.1016/j.pbi.2009.12.006 
 []

) [17



] [18]
\openout2 = `./Molecular_Genetics_and_Genomics.aux'.

 (./Molecular_Genetics_and_Genomics.tex
Cap\'{\i }tulo 8.

Overfull \hbox (41.0955pt too wide) in paragraph at lines 3--4
[]\T1/aess/bx/n/17.28 Characterization of the Ta-AIDFa gene en-co-ding a CRT/DR
E-
 []

) [19



]
\openout2 = `./Plant_Physiology_Biochemistry.aux'.

 (./Plant_Physiology_Biochemistry.tex
Cap\'{\i }tulo 9.

Overfull \hbox (1.24794pt too wide) in paragraph at lines 4--5
[]\T1/aess/bx/n/17.28 Prediction of re-gu-la-tory in-te-rac-ti-ons in Ara-bi-do
p-sis using
 []

) [20



]
\openout2 = `./Plant_Molecular_Biology.aux'.

 (./Plant_Molecular_Biology.tex
Cap\'{\i }tulo 10.

Overfull \hbox (18.52907pt too wide) in paragraph at lines 8--9
[]\T1/aess/m/sl/12 Plant Mo-le-cu-lar Bi-o-logy\T1/aess/m/n/12 , Vol. 69, No. 1
. (1 Ja-nu-ary 2009), pp. 167-178. doi:10.1007/s11103-
 []

) [21



]
\openout2 = `./The_Plant_Journal.aux'.

 (./The_Plant_Journal.tex
Cap\'{\i }tulo 11.
) [22



]
\openout2 = `./Trends_in_Plant_Science.aux'.

 (./Trends_in_Plant_Science.tex
Cap\'{\i }tulo 12.

Overfull \hbox (63.7328pt too wide) in paragraph at lines 8--9
[]\T1/aess/m/sl/12 Trends in Plant Sci-ence\T1/aess/m/n/12 , Vol. 10, No. 2. (F
e-bru-ary 2005), pp. 88-94. doi:10.1016/j.tplants.2004.12.012 
 []

) [23



]
\openout2 = `./GENSIPS.aux'.

 (./GENSIPS.tex
Cap\'{\i }tulo 13.
) [24



]
\openout2 = `./ICMLA.aux'.

 (./ICMLA.tex
Cap\'{\i }tulo 14.
) [25



] (./projeto_tcc.bbl

LaTeX Warning: Empty `thebibliography' environment on input line 8.

)
+-------------------------------------------------------------------+
| Comentario, sugestao ou critica sobre o abnTeX? Entre em contato: |
|                  http://abntex.codigolivre.org.br                 |
+-------------------------------------------------------------------+
[26


] (./projeto_tcc.aux (./capa.aux) (./resumo.aux) (./Biology_Direct.aux)
(./BMC_Bioinformatic.aux) (./Bioinformatics.aux)
(./Computational_Statistics_Data_Analysis.aux)
(./Computational_Biology_Chemistry.aux) (./Current_Opinion_in_Plant_Biology.aux
) (./Molecular_Genetics_and_Genomics.aux) (./Plant_Physiology_Biochemistry.aux)
(./Plant_Molecular_Biology.aux) (./The_Plant_Journal.aux)
(./Trends_in_Plant_Science.aux) (./GENSIPS.aux) (./ICMLA.aux))

LaTeX Font Warning: Some font shapes were not available, defaults substituted.

 ) 
Here is how much of TeX's memory you used:
 5591 strings out of 256216
 74173 string characters out of 1917072
 129542 words of memory out of 1500000
 8628 multiletter control sequences out of 10000+200000
 30986 words of font info for 62 fonts, out of 1200000 for 2000
 645 hyphenation exceptions out of 8191
 34i,10n,34p,1739b,625s stack positions out of 5000i,500n,6000p,200000b,15000s
</usr/share/texmf/fonts/type1/bluesky/cm/cmmi12.pfb></usr/share/texmf/fonts/t
ype1/bluesky/cm/cmss10.pfb></usr/share/texmf/fonts/type1/bluesky/cm/cmss12.pfb>
</usr/share/texmf/fonts/type1/bluesky/cm/cmssbx10.pfb></usr/share/texmf/fonts/t
ype1/bluesky/cm/cmssi10.pfb></usr/share/texmf/fonts/type1/bluesky/cm/cmssi12.pf
b></usr/share/texmf/fonts/type1/bluesky/cm/cmsy10.pfb>
Output written on projeto_tcc.pdf (26 pages, 112286 bytes).
PDF statistics:
 231 PDF objects out of 1000 (max. 8388607)
 40 named destinations out of 1000 (max. 131072)
 137 words of extra memory for PDF output out of 10000 (max. 10000000)

